<?xml version="1.0" encoding="UTF-8"?>
<!-- Generated by org.testng.reporters.JUnitReportReporter -->
<testsuite hostname="Aidais-MacBook-Pro.local" failures="0" tests="1" name="TestUser" time="0.198" errors="0" timestamp="2023-01-10T16:10:24 MSK" skipped="0">
  <testcase classname="TestUser" name="testSum2" time="0.198"/>
  <system-out/>
</testsuite> <!-- TestUser -->
