<?xml version="1.0" encoding="UTF-8"?>
<!-- Generated by org.testng.reporters.JUnitReportReporter -->
<testsuite hostname="Aidais-MacBook-Pro.local" failures="0" tests="1" name="PracticeTest" time="0.001" errors="0" timestamp="2023-01-10T16:10:24 MSK" skipped="0">
  <testcase classname="PracticeTest" name="testEvenSum" time="0.001"/>
  <system-out/>
</testsuite> <!-- PracticeTest -->
